2023-02-24 07:52:34.890 [info] Log level: Info
2023-02-24 07:52:34.890 [info] Validating found git in: "git"
2023-02-24 07:52:34.890 [info] Using git "2.39.2" from "git"
2023-02-24 07:52:34.890 [info] > git rev-parse --show-toplevel [2ms]
2023-02-24 07:52:34.890 [info] fatal: not a git repository (or any parent up to mount point /)
Stopping at filesystem boundary (GIT_DISCOVERY_ACROSS_FILESYSTEM not set).
2023-02-24 07:52:34.890 [info] > git rev-parse --show-toplevel [1ms]
2023-02-24 07:52:34.890 [info] fatal: not a git repository (or any parent up to mount point /)
Stopping at filesystem boundary (GIT_DISCOVERY_ACROSS_FILESYSTEM not set).
2023-02-24 07:52:34.890 [info] > git rev-parse --show-toplevel [1ms]
2023-02-24 07:52:34.890 [info] fatal: not a git repository (or any parent up to mount point /)
Stopping at filesystem boundary (GIT_DISCOVERY_ACROSS_FILESYSTEM not set).
2023-02-24 07:52:35.009 [info] > git rev-parse --show-toplevel [1ms]
2023-02-24 07:52:35.009 [info] fatal: not a git repository (or any parent up to mount point /)
Stopping at filesystem boundary (GIT_DISCOVERY_ACROSS_FILESYSTEM not set).
2023-02-24 07:52:35.346 [info] > git rev-parse --show-toplevel [0ms]
2023-02-24 07:52:35.346 [info] fatal: not a git repository (or any parent up to mount point /)
Stopping at filesystem boundary (GIT_DISCOVERY_ACROSS_FILESYSTEM not set).
2023-02-24 07:52:49.814 [info] > git rev-parse --show-toplevel [1ms]
2023-02-24 07:52:49.814 [info] fatal: not a git repository (or any parent up to mount point /)
Stopping at filesystem boundary (GIT_DISCOVERY_ACROSS_FILESYSTEM not set).
