2023-02-24 06:17:58.805 [info] Log level: Info
2023-02-24 06:17:58.805 [info] Validating found git in: "git"
2023-02-24 06:17:58.805 [info] Using git "2.39.2" from "git"
2023-02-24 06:17:58.805 [info] > git rev-parse --show-toplevel [1ms]
2023-02-24 06:17:58.805 [info] fatal: not a git repository (or any parent up to mount point /)
Stopping at filesystem boundary (GIT_DISCOVERY_ACROSS_FILESYSTEM not set).
2023-02-24 06:17:58.805 [info] > git rev-parse --show-toplevel [0ms]
2023-02-24 06:17:58.805 [info] fatal: not a git repository (or any parent up to mount point /)
Stopping at filesystem boundary (GIT_DISCOVERY_ACROSS_FILESYSTEM not set).
2023-02-24 06:17:58.805 [info] > git rev-parse --show-toplevel [20ms]
2023-02-24 06:17:58.805 [info] fatal: not a git repository (or any parent up to mount point /)
Stopping at filesystem boundary (GIT_DISCOVERY_ACROSS_FILESYSTEM not set).
2023-02-24 06:17:58.805 [info] > git rev-parse --show-toplevel [1ms]
2023-02-24 06:17:58.805 [info] fatal: not a git repository (or any parent up to mount point /)
Stopping at filesystem boundary (GIT_DISCOVERY_ACROSS_FILESYSTEM not set).
2023-02-24 06:17:58.972 [info] > git rev-parse --show-toplevel [1ms]
2023-02-24 06:17:58.972 [info] fatal: not a git repository (or any parent up to mount point /)
Stopping at filesystem boundary (GIT_DISCOVERY_ACROSS_FILESYSTEM not set).
2023-02-24 06:17:59.038 [info] > git rev-parse --show-toplevel [10ms]
2023-02-24 06:17:59.038 [info] fatal: not a git repository (or any parent up to mount point /)
Stopping at filesystem boundary (GIT_DISCOVERY_ACROSS_FILESYSTEM not set).
2023-02-24 06:18:09.895 [info] > git rev-parse --show-toplevel [1ms]
2023-02-24 06:18:09.895 [info] fatal: not a git repository (or any parent up to mount point /)
Stopping at filesystem boundary (GIT_DISCOVERY_ACROSS_FILESYSTEM not set).
2023-02-24 06:18:18.794 [info] > git rev-parse --show-toplevel [2ms]
2023-02-24 06:18:18.794 [info] fatal: not a git repository (or any parent up to mount point /)
Stopping at filesystem boundary (GIT_DISCOVERY_ACROSS_FILESYSTEM not set).
2023-02-24 06:18:55.451 [info] > git rev-parse --show-toplevel [4ms]
2023-02-24 06:18:55.451 [info] fatal: not a git repository (or any parent up to mount point /)
Stopping at filesystem boundary (GIT_DISCOVERY_ACROSS_FILESYSTEM not set).
2023-02-24 06:18:56.005 [info] > git rev-parse --show-toplevel [1ms]
2023-02-24 06:18:56.005 [info] fatal: not a git repository (or any parent up to mount point /)
Stopping at filesystem boundary (GIT_DISCOVERY_ACROSS_FILESYSTEM not set).
2023-02-24 06:18:56.796 [info] > git rev-parse --show-toplevel [2ms]
2023-02-24 06:18:56.796 [info] fatal: not a git repository (or any parent up to mount point /)
Stopping at filesystem boundary (GIT_DISCOVERY_ACROSS_FILESYSTEM not set).
2023-02-24 06:19:50.270 [info] > git rev-parse --show-toplevel [2ms]
2023-02-24 06:19:50.270 [info] fatal: not a git repository (or any parent up to mount point /)
Stopping at filesystem boundary (GIT_DISCOVERY_ACROSS_FILESYSTEM not set).
