2023-02-23 21:08:08.306 [info] Log level: Info
2023-02-23 21:08:08.306 [info] Validating found git in: "git"
2023-02-23 21:08:08.306 [info] Using git "2.39.2" from "git"
2023-02-23 21:08:51.531 [info] Log level: Info
2023-02-23 21:08:51.531 [info] Validating found git in: "git"
2023-02-23 21:08:51.531 [info] Using git "2.39.2" from "git"
2023-02-23 21:08:51.531 [info] > git rev-parse --show-toplevel [2ms]
2023-02-23 21:08:51.531 [info] fatal: not a git repository (or any parent up to mount point /)
Stopping at filesystem boundary (GIT_DISCOVERY_ACROSS_FILESYSTEM not set).
2023-02-23 21:08:58.420 [info] > git rev-parse --show-toplevel [1ms]
2023-02-23 21:08:58.420 [info] fatal: not a git repository (or any parent up to mount point /)
Stopping at filesystem boundary (GIT_DISCOVERY_ACROSS_FILESYSTEM not set).
2023-02-23 21:09:11.842 [info] > git rev-parse --show-toplevel [2ms]
2023-02-23 21:09:11.842 [info] fatal: not a git repository (or any parent up to mount point /)
Stopping at filesystem boundary (GIT_DISCOVERY_ACROSS_FILESYSTEM not set).
2023-02-23 21:09:14.963 [info] > git rev-parse --show-toplevel [2ms]
2023-02-23 21:09:14.963 [info] fatal: not a git repository (or any parent up to mount point /)
Stopping at filesystem boundary (GIT_DISCOVERY_ACROSS_FILESYSTEM not set).
2023-02-23 21:09:21.975 [info] > git rev-parse --show-toplevel [1ms]
2023-02-23 21:09:21.975 [info] fatal: not a git repository (or any parent up to mount point /)
Stopping at filesystem boundary (GIT_DISCOVERY_ACROSS_FILESYSTEM not set).
2023-02-23 21:09:23.246 [info] > git rev-parse --show-toplevel [2ms]
2023-02-23 21:09:23.246 [info] fatal: not a git repository (or any parent up to mount point /)
Stopping at filesystem boundary (GIT_DISCOVERY_ACROSS_FILESYSTEM not set).
2023-02-23 22:04:26.459 [info] > git rev-parse --show-toplevel [1ms]
2023-02-23 22:04:26.459 [info] fatal: not a git repository (or any parent up to mount point /)
Stopping at filesystem boundary (GIT_DISCOVERY_ACROSS_FILESYSTEM not set).
2023-02-23 22:04:28.776 [info] > git rev-parse --show-toplevel [1ms]
2023-02-23 22:04:28.776 [info] fatal: not a git repository (or any parent up to mount point /)
Stopping at filesystem boundary (GIT_DISCOVERY_ACROSS_FILESYSTEM not set).
2023-02-23 22:05:06.440 [info] > git rev-parse --show-toplevel [1ms]
2023-02-23 22:05:06.440 [info] fatal: not a git repository (or any parent up to mount point /)
Stopping at filesystem boundary (GIT_DISCOVERY_ACROSS_FILESYSTEM not set).
2023-02-23 22:05:26.080 [info] > git rev-parse --show-toplevel [1ms]
2023-02-23 22:05:26.080 [info] fatal: not a git repository (or any parent up to mount point /)
Stopping at filesystem boundary (GIT_DISCOVERY_ACROSS_FILESYSTEM not set).
2023-02-23 22:05:31.259 [info] > git rev-parse --show-toplevel [2ms]
2023-02-23 22:05:31.259 [info] fatal: not a git repository (or any parent up to mount point /)
Stopping at filesystem boundary (GIT_DISCOVERY_ACROSS_FILESYSTEM not set).
2023-02-23 22:07:56.331 [info] > git rev-parse --show-toplevel [1ms]
2023-02-23 22:07:56.332 [info] fatal: not a git repository (or any parent up to mount point /)
Stopping at filesystem boundary (GIT_DISCOVERY_ACROSS_FILESYSTEM not set).
2023-02-23 22:07:58.420 [info] > git rev-parse --show-toplevel [1ms]
2023-02-23 22:07:58.420 [info] fatal: not a git repository (or any parent up to mount point /)
Stopping at filesystem boundary (GIT_DISCOVERY_ACROSS_FILESYSTEM not set).
2023-02-23 22:08:05.522 [info] > git rev-parse --show-toplevel [1ms]
2023-02-23 22:08:05.522 [info] fatal: not a git repository (or any parent up to mount point /)
Stopping at filesystem boundary (GIT_DISCOVERY_ACROSS_FILESYSTEM not set).
