2023-02-24 06:35:10.689 [info] Log level: Info
2023-02-24 06:35:10.689 [info] Validating found git in: "git"
2023-02-24 06:35:10.689 [info] Using git "2.39.2" from "git"
2023-02-24 06:35:10.689 [info] > git rev-parse --show-toplevel [2ms]
2023-02-24 06:35:10.689 [info] fatal: not a git repository (or any parent up to mount point /)
Stopping at filesystem boundary (GIT_DISCOVERY_ACROSS_FILESYSTEM not set).
2023-02-24 06:35:10.689 [info] > git rev-parse --show-toplevel [1ms]
2023-02-24 06:35:10.689 [info] fatal: not a git repository (or any parent up to mount point /)
Stopping at filesystem boundary (GIT_DISCOVERY_ACROSS_FILESYSTEM not set).
2023-02-24 06:35:10.689 [info] > git rev-parse --show-toplevel [18ms]
2023-02-24 06:35:10.689 [info] fatal: not a git repository (or any parent up to mount point /)
Stopping at filesystem boundary (GIT_DISCOVERY_ACROSS_FILESYSTEM not set).
2023-02-24 06:35:10.851 [info] > git rev-parse --show-toplevel [0ms]
2023-02-24 06:35:10.851 [info] fatal: not a git repository (or any parent up to mount point /)
Stopping at filesystem boundary (GIT_DISCOVERY_ACROSS_FILESYSTEM not set).
2023-02-24 06:35:10.966 [info] > git rev-parse --show-toplevel [1ms]
2023-02-24 06:35:10.967 [info] fatal: not a git repository (or any parent up to mount point /)
Stopping at filesystem boundary (GIT_DISCOVERY_ACROSS_FILESYSTEM not set).
2023-02-24 06:38:39.108 [info] > git rev-parse --show-toplevel [1ms]
2023-02-24 06:38:39.108 [info] fatal: not a git repository (or any parent up to mount point /)
Stopping at filesystem boundary (GIT_DISCOVERY_ACROSS_FILESYSTEM not set).
2023-02-24 06:38:39.563 [info] > git rev-parse --show-toplevel [0ms]
2023-02-24 06:38:39.563 [info] fatal: not a git repository (or any parent up to mount point /)
Stopping at filesystem boundary (GIT_DISCOVERY_ACROSS_FILESYSTEM not set).
2023-02-24 06:40:34.440 [info] > git rev-parse --show-toplevel [2ms]
2023-02-24 06:40:34.440 [info] fatal: not a git repository (or any parent up to mount point /)
Stopping at filesystem boundary (GIT_DISCOVERY_ACROSS_FILESYSTEM not set).
2023-02-24 06:41:08.200 [info] > git rev-parse --show-toplevel [1ms]
2023-02-24 06:41:08.200 [info] fatal: not a git repository (or any parent up to mount point /)
Stopping at filesystem boundary (GIT_DISCOVERY_ACROSS_FILESYSTEM not set).
2023-02-24 06:41:25.851 [info] > git rev-parse --show-toplevel [2ms]
2023-02-24 06:41:25.851 [info] fatal: not a git repository (or any parent up to mount point /)
Stopping at filesystem boundary (GIT_DISCOVERY_ACROSS_FILESYSTEM not set).
2023-02-24 06:41:27.737 [info] > git rev-parse --show-toplevel [2ms]
2023-02-24 06:41:27.737 [info] fatal: not a git repository (or any parent up to mount point /)
Stopping at filesystem boundary (GIT_DISCOVERY_ACROSS_FILESYSTEM not set).
2023-02-24 06:44:14.838 [info] > git rev-parse --show-toplevel [1ms]
2023-02-24 06:44:14.838 [info] fatal: not a git repository (or any parent up to mount point /)
Stopping at filesystem boundary (GIT_DISCOVERY_ACROSS_FILESYSTEM not set).
2023-02-24 06:44:20.933 [info] > git rev-parse --show-toplevel [1ms]
2023-02-24 06:44:20.933 [info] fatal: not a git repository (or any parent up to mount point /)
Stopping at filesystem boundary (GIT_DISCOVERY_ACROSS_FILESYSTEM not set).
2023-02-24 06:44:33.777 [info] > git rev-parse --show-toplevel [2ms]
2023-02-24 06:44:33.777 [info] fatal: not a git repository (or any parent up to mount point /)
Stopping at filesystem boundary (GIT_DISCOVERY_ACROSS_FILESYSTEM not set).
2023-02-24 06:44:35.069 [info] > git rev-parse --show-toplevel [1ms]
2023-02-24 06:44:35.069 [info] fatal: not a git repository (or any parent up to mount point /)
Stopping at filesystem boundary (GIT_DISCOVERY_ACROSS_FILESYSTEM not set).
2023-02-24 06:44:35.870 [info] > git rev-parse --show-toplevel [1ms]
2023-02-24 06:44:35.870 [info] fatal: not a git repository (or any parent up to mount point /)
Stopping at filesystem boundary (GIT_DISCOVERY_ACROSS_FILESYSTEM not set).
2023-02-24 06:44:40.678 [info] > git rev-parse --show-toplevel [1ms]
2023-02-24 06:44:40.678 [info] fatal: not a git repository (or any parent up to mount point /)
Stopping at filesystem boundary (GIT_DISCOVERY_ACROSS_FILESYSTEM not set).
2023-02-24 06:45:11.953 [info] > git rev-parse --show-toplevel [1ms]
2023-02-24 06:45:11.953 [info] fatal: not a git repository (or any parent up to mount point /)
Stopping at filesystem boundary (GIT_DISCOVERY_ACROSS_FILESYSTEM not set).
2023-02-24 06:45:29.592 [info] > git rev-parse --show-toplevel [1ms]
2023-02-24 06:45:29.592 [info] fatal: not a git repository (or any parent up to mount point /)
Stopping at filesystem boundary (GIT_DISCOVERY_ACROSS_FILESYSTEM not set).
2023-02-24 06:47:23.596 [info] > git rev-parse --show-toplevel [2ms]
2023-02-24 06:47:23.596 [info] fatal: not a git repository (or any parent up to mount point /)
Stopping at filesystem boundary (GIT_DISCOVERY_ACROSS_FILESYSTEM not set).
2023-02-24 06:47:25.383 [info] > git rev-parse --show-toplevel [2ms]
2023-02-24 06:47:25.383 [info] fatal: not a git repository (or any parent up to mount point /)
Stopping at filesystem boundary (GIT_DISCOVERY_ACROSS_FILESYSTEM not set).
2023-02-24 07:34:37.836 [info] > git rev-parse --show-toplevel [2ms]
2023-02-24 07:34:37.836 [info] fatal: not a git repository (or any parent up to mount point /)
Stopping at filesystem boundary (GIT_DISCOVERY_ACROSS_FILESYSTEM not set).
